2025-03-29 12:22:52,007 (INFO) - django.utils.autoreload - Watching for file changes with StatReloader
2025-03-29 12:23:55,587 (INFO) - django.utils.autoreload - /home/tushydan/peerless/peerless/settings.py changed, reloading.
2025-03-29 12:23:55,893 (INFO) - django.utils.autoreload - Watching for file changes with StatReloader
2025-03-29 12:24:02,109 (INFO) - django.utils.autoreload - /home/tushydan/peerless/peerless/settings.py changed, reloading.
2025-03-29 12:24:02,424 (INFO) - django.utils.autoreload - Watching for file changes with StatReloader
2025-03-29 12:24:04,633 (INFO) - django.utils.autoreload - /home/tushydan/peerless/peerless/settings.py changed, reloading.
2025-03-29 12:24:04,946 (INFO) - django.utils.autoreload - Watching for file changes with StatReloader
2025-03-29 12:24:08,120 (INFO) - django.utils.autoreload - /home/tushydan/peerless/peerless/settings.py changed, reloading.
2025-03-29 12:24:08,388 (INFO) - django.utils.autoreload - Watching for file changes with StatReloader
2025-03-29 12:24:09,534 (INFO) - django.utils.autoreload - /home/tushydan/peerless/peerless/settings.py changed, reloading.
2025-03-29 12:24:09,925 (INFO) - django.utils.autoreload - Watching for file changes with StatReloader
2025-03-29 12:24:11,203 (INFO) - django.utils.autoreload - /home/tushydan/peerless/peerless/settings.py changed, reloading.
2025-03-29 12:24:11,549 (INFO) - django.utils.autoreload - Watching for file changes with StatReloader
2025-03-29 12:25:20,216 (INFO) - django.utils.autoreload - /home/tushydan/peerless/peerless/settings.py changed, reloading.
2025-03-29 12:25:20,592 (INFO) - django.utils.autoreload - Watching for file changes with StatReloader
2025-03-29 12:25:22,854 (INFO) - django.utils.autoreload - /home/tushydan/peerless/peerless/settings.py changed, reloading.
2025-03-29 12:25:23,177 (INFO) - django.utils.autoreload - Watching for file changes with StatReloader
2025-03-29 12:26:12,415 (INFO) - django.utils.autoreload - /home/tushydan/peerless/peerless/settings.py changed, reloading.
2025-03-29 12:26:12,721 (INFO) - django.utils.autoreload - Watching for file changes with StatReloader
2025-03-29 12:26:13,883 (INFO) - django.utils.autoreload - /home/tushydan/peerless/peerless/settings.py changed, reloading.
2025-03-29 12:26:14,164 (INFO) - django.utils.autoreload - Watching for file changes with StatReloader
2025-03-29 12:26:15,341 (INFO) - django.utils.autoreload - /home/tushydan/peerless/peerless/settings.py changed, reloading.
2025-03-29 12:26:15,639 (INFO) - django.utils.autoreload - Watching for file changes with StatReloader
2025-03-29 12:26:19,837 (INFO) - django.utils.autoreload - /home/tushydan/peerless/peerless/settings.py changed, reloading.
2025-03-29 12:26:20,175 (INFO) - django.utils.autoreload - Watching for file changes with StatReloader
2025-03-29 12:26:26,347 (INFO) - django.utils.autoreload - /home/tushydan/peerless/peerless/settings.py changed, reloading.
2025-03-29 12:26:26,627 (INFO) - django.utils.autoreload - Watching for file changes with StatReloader
2025-03-29 12:27:19,055 (INFO) - django.utils.autoreload - /home/tushydan/peerless/peerless/settings.py changed, reloading.
2025-03-29 12:27:19,377 (INFO) - django.utils.autoreload - Watching for file changes with StatReloader
2025-03-29 12:27:33,609 (INFO) - django.utils.autoreload - /home/tushydan/peerless/peerless/settings.py changed, reloading.
2025-03-29 12:27:33,884 (INFO) - django.utils.autoreload - Watching for file changes with StatReloader
2025-03-29 12:27:42,069 (INFO) - django.utils.autoreload - /home/tushydan/peerless/peerless/settings.py changed, reloading.
2025-03-29 12:27:42,420 (INFO) - django.utils.autoreload - Watching for file changes with StatReloader
2025-03-29 12:27:44,573 (INFO) - django.utils.autoreload - /home/tushydan/peerless/peerless/settings.py changed, reloading.
2025-03-29 12:27:44,851 (INFO) - django.utils.autoreload - Watching for file changes with StatReloader
2025-03-29 12:28:34,235 (INFO) - django.utils.autoreload - /usr/lib/python3.12/concurrent/__init__.py changed, reloading.
2025-03-29 12:28:35,047 (INFO) - django.utils.autoreload - Watching for file changes with StatReloader
2025-03-29 12:29:02,282 (INFO) - django.utils.autoreload - /home/tushydan/peerless/peerless/settings.py changed, reloading.
2025-03-29 12:29:02,611 (INFO) - django.utils.autoreload - Watching for file changes with StatReloader
2025-03-29 12:29:06,787 (INFO) - django.utils.autoreload - /home/tushydan/peerless/peerless/settings.py changed, reloading.
2025-03-29 12:29:07,090 (INFO) - django.utils.autoreload - Watching for file changes with StatReloader
2025-03-29 12:29:24,319 (INFO) - django.utils.autoreload - /home/tushydan/peerless/peerless/settings.py changed, reloading.
2025-03-29 12:29:24,614 (INFO) - django.utils.autoreload - Watching for file changes with StatReloader
2025-03-29 12:30:58,299 (INFO) - django.utils.autoreload - /home/tushydan/peerless/peerless/settings.py changed, reloading.
2025-03-29 12:30:58,604 (INFO) - django.utils.autoreload - Watching for file changes with StatReloader
2025-03-29 12:31:16,850 (INFO) - django.utils.autoreload - /home/tushydan/peerless/peerless/settings.py changed, reloading.
2025-03-29 12:31:17,149 (INFO) - django.utils.autoreload - Watching for file changes with StatReloader
2025-03-29 12:31:19,306 (INFO) - django.utils.autoreload - /home/tushydan/peerless/peerless/settings.py changed, reloading.
2025-03-29 12:31:19,601 (INFO) - django.utils.autoreload - Watching for file changes with StatReloader
2025-03-29 12:31:29,814 (INFO) - django.utils.autoreload - /home/tushydan/peerless/peerless/settings.py changed, reloading.
2025-03-29 12:31:30,151 (INFO) - django.utils.autoreload - Watching for file changes with StatReloader
2025-03-29 12:31:35,327 (INFO) - django.utils.autoreload - /home/tushydan/peerless/peerless/settings.py changed, reloading.
2025-03-29 12:31:35,651 (INFO) - django.utils.autoreload - Watching for file changes with StatReloader
2025-03-29 12:31:47,865 (INFO) - django.utils.autoreload - /home/tushydan/peerless/peerless/settings.py changed, reloading.
2025-03-29 12:31:48,161 (INFO) - django.utils.autoreload - Watching for file changes with StatReloader
2025-03-29 12:31:49,308 (INFO) - django.utils.autoreload - /home/tushydan/peerless/peerless/settings.py changed, reloading.
2025-03-29 12:31:49,641 (INFO) - django.utils.autoreload - Watching for file changes with StatReloader
2025-03-30 18:57:23,632 (INFO) - django.utils.autoreload - Watching for file changes with StatReloader
2025-03-30 19:00:43,071 (INFO) - django.utils.autoreload - Watching for file changes with StatReloader
2025-03-30 19:06:23,894 (INFO) - django.utils.autoreload - Watching for file changes with StatReloader
2025-03-30 20:38:34,509 (INFO) - django.utils.autoreload - /home/tushydan/peerless/user/models.py changed, reloading.
2025-03-30 20:38:35,364 (INFO) - django.utils.autoreload - Watching for file changes with StatReloader
2025-03-30 20:38:55,851 (INFO) - django.utils.autoreload - /home/tushydan/peerless/user/models.py changed, reloading.
2025-03-30 20:38:56,220 (INFO) - django.utils.autoreload - Watching for file changes with StatReloader
2025-03-30 21:32:29,139 (INFO) - django.utils.autoreload - /home/tushydan/peerless/user/models.py changed, reloading.
2025-03-30 21:32:29,559 (INFO) - django.utils.autoreload - Watching for file changes with StatReloader
2025-03-31 10:04:02,224 (INFO) - django.utils.autoreload - Watching for file changes with StatReloader
2025-03-31 10:21:16,357 (INFO) - django.utils.autoreload - Watching for file changes with StatReloader
2025-03-31 10:21:58,121 (INFO) - django.utils.autoreload - Watching for file changes with StatReloader
2025-03-31 10:22:28,328 (INFO) - django.utils.autoreload - Watching for file changes with StatReloader
2025-03-31 10:27:19,714 (INFO) - django.utils.autoreload - /home/tushydan/peerless/peerless/settings.py changed, reloading.
2025-03-31 10:27:20,107 (INFO) - django.utils.autoreload - Watching for file changes with StatReloader
2025-03-31 10:27:23,554 (INFO) - django.utils.autoreload - /home/tushydan/peerless/peerless/settings.py changed, reloading.
2025-03-31 10:27:24,032 (INFO) - django.utils.autoreload - Watching for file changes with StatReloader
2025-03-31 10:27:33,433 (INFO) - django.utils.autoreload - /home/tushydan/peerless/peerless/settings.py changed, reloading.
2025-03-31 10:27:33,863 (INFO) - django.utils.autoreload - Watching for file changes with StatReloader
2025-03-31 10:27:38,179 (INFO) - django.utils.autoreload - /home/tushydan/peerless/peerless/settings.py changed, reloading.
2025-03-31 10:27:38,560 (INFO) - django.utils.autoreload - Watching for file changes with StatReloader
2025-03-31 10:27:40,855 (INFO) - django.utils.autoreload - /home/tushydan/peerless/peerless/settings.py changed, reloading.
2025-03-31 10:27:41,329 (INFO) - django.utils.autoreload - Watching for file changes with StatReloader
2025-03-31 10:28:45,644 (INFO) - django.utils.autoreload - /home/tushydan/peerless/peerless/settings.py changed, reloading.
2025-03-31 10:28:46,043 (INFO) - django.utils.autoreload - Watching for file changes with StatReloader
2025-03-31 10:28:49,489 (INFO) - django.utils.autoreload - /home/tushydan/peerless/peerless/settings.py changed, reloading.
2025-03-31 10:28:49,874 (INFO) - django.utils.autoreload - Watching for file changes with StatReloader
2025-03-31 10:29:21,785 (INFO) - django.utils.autoreload - Watching for file changes with StatReloader
2025-03-31 10:29:50,591 (INFO) - django.utils.autoreload - /home/tushydan/peerless/peerless/settings.py changed, reloading.
2025-03-31 10:29:50,996 (INFO) - django.utils.autoreload - Watching for file changes with StatReloader
2025-03-31 10:33:07,277 (INFO) - django.utils.autoreload - /home/tushydan/peerless/peerless/settings.py changed, reloading.
2025-03-31 10:33:07,705 (INFO) - django.utils.autoreload - Watching for file changes with StatReloader
2025-03-31 10:33:08,965 (INFO) - django.utils.autoreload - /home/tushydan/peerless/peerless/settings.py changed, reloading.
2025-03-31 10:33:09,359 (INFO) - django.utils.autoreload - Watching for file changes with StatReloader
2025-03-31 10:33:27,643 (INFO) - django.utils.autoreload - Watching for file changes with StatReloader
2025-03-31 10:34:09,781 (INFO) - django.utils.autoreload - /home/tushydan/peerless/peerless/settings.py changed, reloading.
2025-03-31 10:34:10,240 (INFO) - django.utils.autoreload - Watching for file changes with StatReloader
2025-03-31 10:34:17,491 (INFO) - django.utils.autoreload - Watching for file changes with StatReloader
2025-03-31 10:34:36,132 (INFO) - django.utils.autoreload - /home/tushydan/peerless/peerless/settings.py changed, reloading.
2025-03-31 10:34:36,446 (INFO) - django.utils.autoreload - Watching for file changes with StatReloader
2025-03-31 10:36:12,144 (INFO) - django.utils.autoreload - /home/tushydan/peerless/peerless/settings.py changed, reloading.
2025-03-31 10:36:12,471 (INFO) - django.utils.autoreload - Watching for file changes with StatReloader
2025-03-31 10:36:13,857 (INFO) - django.utils.autoreload - /home/tushydan/peerless/peerless/settings.py changed, reloading.
2025-03-31 10:36:14,229 (INFO) - django.utils.autoreload - Watching for file changes with StatReloader
2025-03-31 11:00:28,406 (INFO) - django.utils.autoreload - Watching for file changes with StatReloader
2025-03-31 11:22:49,031 (INFO) - django.utils.autoreload - Watching for file changes with StatReloader
2025-03-31 11:25:38,561 (INFO) - django.utils.autoreload - /home/tushydan/peerless/peerless/urls.py changed, reloading.
2025-03-31 11:25:39,332 (INFO) - django.utils.autoreload - Watching for file changes with StatReloader
2025-03-31 11:25:40,650 (INFO) - django.utils.autoreload - /home/tushydan/peerless/peerless/urls.py changed, reloading.
2025-03-31 11:25:41,094 (INFO) - django.utils.autoreload - Watching for file changes with StatReloader
2025-03-31 11:25:44,446 (INFO) - django.utils.autoreload - /home/tushydan/peerless/peerless/urls.py changed, reloading.
2025-03-31 11:25:44,854 (INFO) - django.utils.autoreload - Watching for file changes with StatReloader
2025-03-31 11:25:49,066 (INFO) - django.utils.autoreload - /home/tushydan/peerless/peerless/urls.py changed, reloading.
2025-03-31 11:25:49,488 (INFO) - django.utils.autoreload - Watching for file changes with StatReloader
2025-03-31 11:25:52,717 (INFO) - django.utils.autoreload - /home/tushydan/peerless/peerless/urls.py changed, reloading.
2025-03-31 11:25:53,149 (INFO) - django.utils.autoreload - Watching for file changes with StatReloader
2025-03-31 11:25:59,442 (INFO) - django.utils.autoreload - /home/tushydan/peerless/peerless/urls.py changed, reloading.
2025-03-31 11:25:59,880 (INFO) - django.utils.autoreload - Watching for file changes with StatReloader
2025-03-31 11:26:10,211 (INFO) - django.utils.autoreload - /home/tushydan/peerless/peerless/urls.py changed, reloading.
2025-03-31 11:26:10,649 (INFO) - django.utils.autoreload - Watching for file changes with StatReloader
2025-03-31 11:26:30,002 (INFO) - django.utils.autoreload - /home/tushydan/peerless/peerless/urls.py changed, reloading.
2025-03-31 11:26:30,490 (INFO) - django.utils.autoreload - Watching for file changes with StatReloader
2025-03-31 11:26:38,765 (INFO) - django.utils.autoreload - /home/tushydan/peerless/peerless/urls.py changed, reloading.
2025-03-31 11:26:39,277 (INFO) - django.utils.autoreload - Watching for file changes with StatReloader
2025-03-31 11:26:40,378 (INFO) - django.utils.autoreload - /home/tushydan/peerless/peerless/urls.py changed, reloading.
2025-03-31 11:26:40,848 (INFO) - django.utils.autoreload - Watching for file changes with StatReloader
2025-03-31 11:26:41,939 (INFO) - django.utils.autoreload - /home/tushydan/peerless/peerless/urls.py changed, reloading.
2025-03-31 11:26:42,419 (INFO) - django.utils.autoreload - Watching for file changes with StatReloader
2025-03-31 11:26:50,471 (INFO) - django.utils.autoreload - /home/tushydan/peerless/peerless/urls.py changed, reloading.
2025-03-31 11:26:50,920 (INFO) - django.utils.autoreload - Watching for file changes with StatReloader
2025-03-31 11:26:52,011 (INFO) - django.utils.autoreload - /home/tushydan/peerless/peerless/urls.py changed, reloading.
2025-03-31 11:26:52,450 (INFO) - django.utils.autoreload - Watching for file changes with StatReloader
2025-03-31 11:29:43,728 (INFO) - django.utils.autoreload - Watching for file changes with StatReloader
2025-03-31 11:30:05,926 (INFO) - django.utils.autoreload - /home/tushydan/peerless/user/urls.py changed, reloading.
2025-03-31 11:30:06,399 (INFO) - django.utils.autoreload - Watching for file changes with StatReloader
2025-03-31 11:30:07,500 (INFO) - django.utils.autoreload - /home/tushydan/peerless/user/urls.py changed, reloading.
2025-03-31 11:30:07,972 (INFO) - django.utils.autoreload - Watching for file changes with StatReloader
2025-03-31 11:30:27,175 (INFO) - django.utils.autoreload - /home/tushydan/peerless/user/urls.py changed, reloading.
2025-03-31 11:30:27,602 (INFO) - django.utils.autoreload - Watching for file changes with StatReloader
2025-03-31 11:30:30,719 (INFO) - django.utils.autoreload - /home/tushydan/peerless/user/urls.py changed, reloading.
2025-03-31 11:30:31,216 (INFO) - django.utils.autoreload - Watching for file changes with StatReloader
2025-03-31 11:30:33,327 (INFO) - django.utils.autoreload - /home/tushydan/peerless/user/urls.py changed, reloading.
2025-03-31 11:30:33,835 (INFO) - django.utils.autoreload - Watching for file changes with StatReloader
2025-03-31 11:30:37,995 (INFO) - django.utils.autoreload - /home/tushydan/peerless/user/urls.py changed, reloading.
2025-03-31 11:30:38,431 (INFO) - django.utils.autoreload - Watching for file changes with StatReloader
2025-03-31 11:30:58,639 (INFO) - django.utils.autoreload - Watching for file changes with StatReloader
2025-03-31 11:31:36,559 (INFO) - django.utils.autoreload - /home/tushydan/peerless/user/serializers.py changed, reloading.
2025-03-31 11:31:36,973 (INFO) - django.utils.autoreload - Watching for file changes with StatReloader
2025-03-31 11:31:44,354 (INFO) - django.utils.autoreload - /home/tushydan/peerless/user/serializers.py changed, reloading.
2025-03-31 11:31:44,879 (INFO) - django.utils.autoreload - Watching for file changes with StatReloader
2025-03-31 11:32:17,598 (INFO) - django.utils.autoreload - /home/tushydan/peerless/user/views.py changed, reloading.
2025-03-31 11:32:18,025 (INFO) - django.utils.autoreload - Watching for file changes with StatReloader
2025-03-31 11:32:21,128 (INFO) - django.utils.autoreload - /home/tushydan/peerless/user/views.py changed, reloading.
2025-03-31 11:32:21,577 (INFO) - django.utils.autoreload - Watching for file changes with StatReloader
2025-03-31 11:32:24,726 (INFO) - django.utils.autoreload - /home/tushydan/peerless/user/views.py changed, reloading.
2025-03-31 11:32:25,135 (INFO) - django.utils.autoreload - Watching for file changes with StatReloader
2025-03-31 11:32:29,289 (INFO) - django.utils.autoreload - /home/tushydan/peerless/user/views.py changed, reloading.
2025-03-31 11:32:29,759 (INFO) - django.utils.autoreload - Watching for file changes with StatReloader
2025-03-31 11:32:31,874 (INFO) - django.utils.autoreload - /home/tushydan/peerless/user/views.py changed, reloading.
2025-03-31 11:32:32,276 (INFO) - django.utils.autoreload - Watching for file changes with StatReloader
2025-03-31 11:32:46,630 (INFO) - django.utils.autoreload - /home/tushydan/peerless/user/views.py changed, reloading.
2025-03-31 11:32:47,020 (INFO) - django.utils.autoreload - Watching for file changes with StatReloader
2025-03-31 11:32:52,167 (INFO) - django.utils.autoreload - /home/tushydan/peerless/user/views.py changed, reloading.
2025-03-31 11:32:52,562 (INFO) - django.utils.autoreload - Watching for file changes with StatReloader
2025-03-31 11:32:53,654 (INFO) - django.utils.autoreload - /home/tushydan/peerless/user/views.py changed, reloading.
2025-03-31 11:32:54,068 (INFO) - django.utils.autoreload - Watching for file changes with StatReloader
2025-03-31 11:32:55,161 (INFO) - django.utils.autoreload - /home/tushydan/peerless/user/views.py changed, reloading.
2025-03-31 11:32:55,548 (INFO) - django.utils.autoreload - Watching for file changes with StatReloader
2025-03-31 11:32:58,689 (INFO) - django.utils.autoreload - /home/tushydan/peerless/user/views.py changed, reloading.
2025-03-31 11:32:59,081 (INFO) - django.utils.autoreload - Watching for file changes with StatReloader
2025-03-31 11:33:00,196 (INFO) - django.utils.autoreload - /home/tushydan/peerless/user/views.py changed, reloading.
2025-03-31 11:33:00,595 (INFO) - django.utils.autoreload - Watching for file changes with StatReloader
2025-03-31 11:33:29,354 (INFO) - django.utils.autoreload - /home/tushydan/peerless/user/views.py changed, reloading.
2025-03-31 11:33:29,857 (INFO) - django.utils.autoreload - Watching for file changes with StatReloader
2025-03-31 11:33:34,094 (INFO) - django.utils.autoreload - /home/tushydan/peerless/user/views.py changed, reloading.
2025-03-31 11:33:34,530 (INFO) - django.utils.autoreload - Watching for file changes with StatReloader
2025-03-31 11:33:43,827 (INFO) - django.utils.autoreload - /home/tushydan/peerless/user/views.py changed, reloading.
2025-03-31 11:33:44,266 (INFO) - django.utils.autoreload - Watching for file changes with StatReloader
2025-03-31 11:33:45,386 (INFO) - django.utils.autoreload - /home/tushydan/peerless/user/views.py changed, reloading.
2025-03-31 11:33:45,797 (INFO) - django.utils.autoreload - Watching for file changes with StatReloader
2025-03-31 11:34:00,312 (INFO) - django.utils.autoreload - /home/tushydan/peerless/user/views.py changed, reloading.
2025-03-31 11:34:00,754 (INFO) - django.utils.autoreload - Watching for file changes with StatReloader
2025-03-31 11:34:01,981 (INFO) - django.utils.autoreload - /home/tushydan/peerless/user/views.py changed, reloading.
2025-03-31 11:34:02,428 (INFO) - django.utils.autoreload - Watching for file changes with StatReloader
2025-03-31 11:34:05,649 (INFO) - django.utils.autoreload - /home/tushydan/peerless/user/views.py changed, reloading.
2025-03-31 11:34:06,219 (INFO) - django.utils.autoreload - Watching for file changes with StatReloader
2025-03-31 11:34:15,636 (INFO) - django.utils.autoreload - /home/tushydan/peerless/user/views.py changed, reloading.
2025-03-31 11:34:16,077 (INFO) - django.utils.autoreload - Watching for file changes with StatReloader
2025-03-31 11:34:34,641 (INFO) - django.utils.autoreload - Watching for file changes with StatReloader
2025-03-31 11:35:10,447 (INFO) - django.utils.autoreload - /home/tushydan/peerless/user/views.py changed, reloading.
2025-03-31 11:35:10,861 (INFO) - django.utils.autoreload - Watching for file changes with StatReloader
2025-03-31 11:35:43,691 (INFO) - django.utils.autoreload - /home/tushydan/peerless/user/views.py changed, reloading.
2025-03-31 11:35:44,187 (INFO) - django.utils.autoreload - Watching for file changes with StatReloader
2025-03-31 11:37:31,529 (INFO) - django.utils.autoreload - /home/tushydan/peerless/user/views.py changed, reloading.
2025-03-31 11:37:32,139 (INFO) - django.utils.autoreload - Watching for file changes with StatReloader
2025-03-31 11:37:38,670 (INFO) - django.utils.autoreload - /home/tushydan/peerless/user/views.py changed, reloading.
2025-03-31 11:37:39,155 (INFO) - django.utils.autoreload - Watching for file changes with StatReloader
2025-03-31 11:37:42,465 (INFO) - django.utils.autoreload - /home/tushydan/peerless/user/views.py changed, reloading.
2025-03-31 11:37:43,127 (INFO) - django.utils.autoreload - Watching for file changes with StatReloader
2025-03-31 11:37:44,250 (INFO) - django.utils.autoreload - /home/tushydan/peerless/user/views.py changed, reloading.
2025-03-31 11:37:44,789 (INFO) - django.utils.autoreload - Watching for file changes with StatReloader
2025-03-31 11:37:48,056 (INFO) - django.utils.autoreload - /home/tushydan/peerless/user/views.py changed, reloading.
2025-03-31 11:37:48,589 (INFO) - django.utils.autoreload - Watching for file changes with StatReloader
2025-03-31 11:37:52,875 (INFO) - django.utils.autoreload - /home/tushydan/peerless/user/views.py changed, reloading.
2025-03-31 11:37:53,400 (INFO) - django.utils.autoreload - Watching for file changes with StatReloader
2025-03-31 11:38:06,973 (INFO) - django.utils.autoreload - /home/tushydan/peerless/user/views.py changed, reloading.
2025-03-31 11:38:07,554 (INFO) - django.utils.autoreload - Watching for file changes with StatReloader
2025-03-31 11:38:08,947 (INFO) - django.utils.autoreload - /home/tushydan/peerless/user/views.py changed, reloading.
2025-03-31 11:38:09,468 (INFO) - django.utils.autoreload - Watching for file changes with StatReloader
2025-03-31 11:38:10,685 (INFO) - django.utils.autoreload - /home/tushydan/peerless/user/views.py changed, reloading.
2025-03-31 11:38:11,244 (INFO) - django.utils.autoreload - Watching for file changes with StatReloader
2025-03-31 11:38:12,520 (INFO) - django.utils.autoreload - /home/tushydan/peerless/user/views.py changed, reloading.
2025-03-31 11:38:12,986 (INFO) - django.utils.autoreload - Watching for file changes with StatReloader
2025-03-31 11:38:14,187 (INFO) - django.utils.autoreload - /home/tushydan/peerless/user/views.py changed, reloading.
2025-03-31 11:38:14,684 (INFO) - django.utils.autoreload - Watching for file changes with StatReloader
2025-03-31 11:38:31,331 (INFO) - django.utils.autoreload - /home/tushydan/peerless/user/views.py changed, reloading.
2025-03-31 11:38:31,799 (INFO) - django.utils.autoreload - Watching for file changes with StatReloader
2025-03-31 11:38:51,546 (INFO) - django.utils.autoreload - /home/tushydan/peerless/user/views.py changed, reloading.
2025-03-31 11:38:52,072 (INFO) - django.utils.autoreload - Watching for file changes with StatReloader
2025-03-31 11:39:11,933 (INFO) - django.utils.autoreload - /home/tushydan/peerless/user/views.py changed, reloading.
2025-03-31 11:39:12,455 (INFO) - django.utils.autoreload - Watching for file changes with StatReloader
2025-03-31 11:39:19,767 (INFO) - django.utils.autoreload - /home/tushydan/peerless/user/views.py changed, reloading.
2025-03-31 11:39:20,295 (INFO) - django.utils.autoreload - Watching for file changes with StatReloader
2025-03-31 11:39:23,592 (INFO) - django.utils.autoreload - /home/tushydan/peerless/user/views.py changed, reloading.
2025-03-31 11:39:24,201 (INFO) - django.utils.autoreload - Watching for file changes with StatReloader
2025-03-31 11:39:47,657 (INFO) - django.utils.autoreload - /home/tushydan/peerless/user/views.py changed, reloading.
2025-03-31 11:39:49,101 (INFO) - django.utils.autoreload - Watching for file changes with StatReloader
2025-03-31 11:40:18,683 (INFO) - django.utils.autoreload - /home/tushydan/peerless/user/views.py changed, reloading.
2025-03-31 11:40:19,291 (INFO) - django.utils.autoreload - Watching for file changes with StatReloader
2025-03-31 11:40:32,038 (INFO) - django.utils.autoreload - Watching for file changes with StatReloader
2025-03-31 11:40:44,666 (INFO) - django.utils.autoreload - /home/tushydan/peerless/user/views.py changed, reloading.
2025-03-31 11:40:45,296 (INFO) - django.utils.autoreload - Watching for file changes with StatReloader
2025-03-31 11:41:05,156 (INFO) - django.utils.autoreload - /home/tushydan/peerless/user/urls.py changed, reloading.
2025-03-31 11:41:05,648 (INFO) - django.utils.autoreload - Watching for file changes with StatReloader
2025-03-31 11:41:19,783 (INFO) - django.utils.autoreload - Watching for file changes with StatReloader
2025-03-31 11:42:05,160 (INFO) - django.utils.autoreload - /home/tushydan/peerless/user/urls.py changed, reloading.
2025-03-31 11:42:05,607 (INFO) - django.utils.autoreload - Watching for file changes with StatReloader
2025-03-31 11:42:06,778 (INFO) - django.utils.autoreload - /home/tushydan/peerless/user/urls.py changed, reloading.
2025-03-31 11:42:07,217 (INFO) - django.utils.autoreload - Watching for file changes with StatReloader
2025-03-31 11:42:09,342 (INFO) - django.utils.autoreload - /home/tushydan/peerless/user/urls.py changed, reloading.
2025-03-31 11:42:09,793 (INFO) - django.utils.autoreload - Watching for file changes with StatReloader
2025-03-31 11:42:11,915 (INFO) - django.utils.autoreload - /home/tushydan/peerless/user/urls.py changed, reloading.
2025-03-31 11:42:12,330 (INFO) - django.utils.autoreload - Watching for file changes with StatReloader
2025-03-31 11:42:16,394 (INFO) - django.utils.autoreload - /home/tushydan/peerless/user/urls.py changed, reloading.
2025-03-31 11:42:16,782 (INFO) - django.utils.autoreload - Watching for file changes with StatReloader
2025-03-31 11:42:20,026 (INFO) - django.utils.autoreload - /home/tushydan/peerless/user/urls.py changed, reloading.
2025-03-31 11:42:20,459 (INFO) - django.utils.autoreload - Watching for file changes with StatReloader
2025-03-31 11:42:21,632 (INFO) - django.utils.autoreload - /home/tushydan/peerless/user/urls.py changed, reloading.
2025-03-31 11:42:22,048 (INFO) - django.utils.autoreload - Watching for file changes with StatReloader
2025-03-31 11:42:24,162 (INFO) - django.utils.autoreload - /home/tushydan/peerless/user/urls.py changed, reloading.
2025-03-31 11:42:24,557 (INFO) - django.utils.autoreload - Watching for file changes with StatReloader
2025-03-31 11:42:25,754 (INFO) - django.utils.autoreload - /home/tushydan/peerless/user/urls.py changed, reloading.
2025-03-31 11:42:26,206 (INFO) - django.utils.autoreload - Watching for file changes with StatReloader
2025-03-31 11:42:36,122 (INFO) - django.utils.autoreload - Watching for file changes with StatReloader
2025-03-31 11:42:55,848 (INFO) - django.utils.autoreload - /home/tushydan/peerless/user/urls.py changed, reloading.
2025-03-31 11:42:56,250 (INFO) - django.utils.autoreload - Watching for file changes with StatReloader
2025-03-31 11:43:08,992 (INFO) - django.utils.autoreload - /home/tushydan/peerless/user/urls.py changed, reloading.
2025-03-31 11:43:09,415 (INFO) - django.utils.autoreload - Watching for file changes with StatReloader
2025-03-31 11:43:11,513 (INFO) - django.utils.autoreload - /home/tushydan/peerless/user/urls.py changed, reloading.
2025-03-31 11:43:11,919 (INFO) - django.utils.autoreload - Watching for file changes with StatReloader
2025-03-31 11:43:14,129 (INFO) - django.utils.autoreload - /home/tushydan/peerless/user/urls.py changed, reloading.
2025-03-31 11:43:14,498 (INFO) - django.utils.autoreload - Watching for file changes with StatReloader
2025-03-31 11:43:16,834 (INFO) - django.utils.autoreload - /home/tushydan/peerless/user/urls.py changed, reloading.
2025-03-31 11:43:17,270 (INFO) - django.utils.autoreload - Watching for file changes with StatReloader
2025-03-31 11:43:21,657 (INFO) - django.utils.autoreload - /home/tushydan/peerless/user/urls.py changed, reloading.
2025-03-31 11:43:22,110 (INFO) - django.utils.autoreload - Watching for file changes with StatReloader
2025-03-31 11:43:31,425 (INFO) - django.utils.autoreload - Watching for file changes with StatReloader
